Performing C++ SOURCE FILE Test HAS_MARCH_NATIVE failed with the following output:
Change Dir: /home/luca/Documents/codeRepos/qsatencoder/build/CMakeFiles/CMakeTmp

Run Build Command(s):/usr/bin/make cmTC_914b9/fast && /usr/bin/make -f CMakeFiles/cmTC_914b9.dir/build.make CMakeFiles/cmTC_914b9.dir/build
make[1]: Entering directory '/home/luca/Documents/codeRepos/qsatencoder/build/CMakeFiles/CMakeTmp'
Building CXX object CMakeFiles/cmTC_914b9.dir/src.cxx.o
/usr/bin/c++    -DHAS_MARCH_NATIVE   -march=native -o CMakeFiles/cmTC_914b9.dir/src.cxx.o -c /home/luca/Documents/codeRepos/qsatencoder/build/CMakeFiles/CMakeTmp/src.cxx
cc1plus: error: bad value ('tigerlake') for '-march=' switch
cc1plus: note: valid arguments to '-march=' switch are: nocona core2 nehalem corei7 westmere sandybridge corei7-avx ivybridge core-avx-i haswell core-avx2 broadwell skylake skylake-avx512 cannonlake icelake-client icelake-server cascadelake bonnell atom silvermont slm goldmont goldmont-plus tremont knl knm x86-64 eden-x2 nano nano-1000 nano-2000 nano-3000 nano-x2 eden-x4 nano-x4 k8 k8-sse3 opteron opteron-sse3 athlon64 athlon64-sse3 athlon-fx amdfam10 barcelona bdver1 bdver2 bdver3 bdver4 znver1 znver2 btver1 btver2 native
cc1plus: error: bad value ('tigerlake') for '-mtune=' switch
cc1plus: note: valid arguments to '-mtune=' switch are: nocona core2 nehalem corei7 westmere sandybridge corei7-avx ivybridge core-avx-i haswell core-avx2 broadwell skylake skylake-avx512 cannonlake icelake-client icelake-server cascadelake bonnell atom silvermont slm goldmont goldmont-plus tremont knl knm intel x86-64 eden-x2 nano nano-1000 nano-2000 nano-3000 nano-x2 eden-x4 nano-x4 k8 k8-sse3 opteron opteron-sse3 athlon64 athlon64-sse3 athlon-fx amdfam10 barcelona bdver1 bdver2 bdver3 bdver4 znver1 znver2 btver1 btver2 generic native
make[1]: *** [CMakeFiles/cmTC_914b9.dir/build.make:66: CMakeFiles/cmTC_914b9.dir/src.cxx.o] Error 1
make[1]: Leaving directory '/home/luca/Documents/codeRepos/qsatencoder/build/CMakeFiles/CMakeTmp'
make: *** [Makefile:121: cmTC_914b9/fast] Error 2


Source file was:
int main() { return 0; }
